{
  "timestamp": "2025-07-11T11:08:26.427833",
  "command": "bin/osc_setup_all.py --force-clone",
  "args": {
    "output_dir": "./repo",
    "skip_tests": false,
    "force_clone": true,
    "report_file": "/home/trim/Documents/GitHub/GEO-INFER/GEO-INFER-SPACE/src/geo_infer_space/osc_geo/utils/reports/osc_setup_report_20250711_110826.json"
  },
  "repos": [
    {
      "action": "clone",
      "repo": "osc-geo-h3grid-srv",
      "url": "https://github.com/docxology/osc-geo-h3grid-srv.git",
      "path": "./repo/osc-geo-h3grid-srv",
      "timestamp": "2025-07-11T11:08:26.427965",
      "existing_repo_removed": true,
      "success": true,
      "stdout": "",
      "stderr": "Cloning into './repo/osc-geo-h3grid-srv'...\n"
    },
    {
      "action": "clone",
      "repo": "osc-geo-h3loader-cli",
      "url": "https://github.com/docxology/osc-geo-h3loader-cli.git",
      "path": "./repo/osc-geo-h3loader-cli",
      "timestamp": "2025-07-11T11:08:31.294544",
      "existing_repo_removed": true,
      "success": true,
      "stdout": "",
      "stderr": "Cloning into './repo/osc-geo-h3loader-cli'...\n"
    }
  ],
  "steps": [
    {
      "name": "clone_repositories",
      "start_time": "2025-07-11T11:08:26.427958",
      "end_time": "2025-07-11T11:08:32.265587",
      "success": true
    },
    {
      "name": "list_structures",
      "start_time": "2025-07-11T11:08:32.265624",
      "end_time": "2025-07-11T11:08:32.270919",
      "success": false
    },
    {
      "name": "setup_and_test",
      "start_time": "2025-07-11T11:08:32.270992",
      "end_time": "2025-07-11T11:10:26.940997",
      "success": false
    }
  ],
  "test_results": {
    "osc-geo-h3grid-srv": {
      "repo": "osc-geo-h3grid-srv",
      "action": "setup_and_test",
      "timestamp": "2025-07-11T11:08:32.271078",
      "steps": [
        {
          "name": "virtual_environment",
          "action": "create",
          "success": true,
          "stdout": "",
          "stderr": ""
        },
        {
          "name": "setup_script",
          "action": "create_and_run",
          "script_path": "/home/trim/Documents/GitHub/GEO-INFER/GEO-INFER-SPACE/repo/osc-geo-h3grid-srv/temp_setup.sh",
          "success": false,
          "stdout": "Installing requirements...\nCollecting duckdb==0.9.2\n  Using cached duckdb-0.9.2-cp310-cp310-manylinux_2_17_x86_64.manylinux2014_x86_64.whl (16.5 MB)\nCollecting fastapi==0.109.0\n  Using cached fastapi-0.109.0-py3-none-any.whl (92 kB)\nCollecting fastparquet==2024.2.0\n  Using cached fastparquet-2024.2.0-cp310-cp310-manylinux_2_17_x86_64.manylinux2014_x86_64.whl (1.7 MB)\nCollecting folium==0.15.1\n  Using cached folium-0.15.1-py2.py3-none-any.whl (97 kB)\nCollecting h3==3.7.6\n  Using cached h3-3.7.6-cp310-cp310-manylinux_2_17_x86_64.manylinux2014_x86_64.whl (1.1 MB)\nCollecting numpy==1.26.3\n  Using cached numpy-1.26.3-cp310-cp310-manylinux_2_17_x86_64.manylinux2014_x86_64.whl (18.2 MB)\nCollecting geopandas==0.14.2\n  Using cached geopandas-0.14.2-py3-none-any.whl (1.1 MB)\nCollecting imagecodecs==2024.1.1\n  Using cached imagecodecs-2024.1.1-cp310-cp310-manylinux_2_17_x86_64.manylinux2014_x86_64.whl (39.6 MB)\nCollecting requests==2.31.0\n  Using cached requests-2.31.0-py3-none-any.whl (62 kB)\nCollecting scipy==1.12.0\n  Using cached scipy-1.12.0-cp310-cp310-manylinux_2_17_x86_64.manylinux2014_x86_64.whl (38.4 MB)\nCollecting shapely==2.0.2\n  Using cached shapely-2.0.2-cp310-cp310-manylinux_2_17_x86_64.manylinux2014_x86_64.whl (2.5 MB)\nCollecting uvicorn==0.27.0.post1\n  Using cached uvicorn-0.27.0.post1-py3-none-any.whl (60 kB)\nCollecting pandas==2.2.0\n  Using cached pandas-2.2.0-cp310-cp310-manylinux_2_17_x86_64.manylinux2014_x86_64.whl (13.0 MB)\nCollecting PyYAML==6.0.1\n  Using cached PyYAML-6.0.1-cp310-cp310-manylinux_2_17_x86_64.manylinux2014_x86_64.whl (705 kB)\nCollecting pydantic==2.6.0\n  Using cached pydantic-2.6.0-py3-none-any.whl (394 kB)\nCollecting pytest==8.2.1\n  Using cached pytest-8.2.1-py3-none-any.whl (339 kB)\nCollecting python-multipart==0.0.12\n  Using cached python_multipart-0.0.12-py3-none-any.whl (23 kB)\nCollecting rasterio==1.3.9\n  Using cached rasterio-1.3.9-cp310-cp310-manylinux2014_x86_64.whl (20.6 MB)\nCollecting xarray==2023.1.0\n  Using cached xarray-2023.1.0-py3-none-any.whl (973 kB)\nCollecting typing-extensions>=4.8.0\n  Using cached typing_extensions-4.14.1-py3-none-any.whl (43 kB)\nCollecting starlette<0.36.0,>=0.35.0\n  Using cached starlette-0.35.1-py3-none-any.whl (71 kB)\nCollecting cramjam>=2.3\n  Using cached cramjam-2.10.0-cp310-cp310-manylinux_2_17_x86_64.manylinux2014_x86_64.whl (2.0 MB)\nCollecting fsspec\n  Using cached fsspec-2025.5.1-py3-none-any.whl (199 kB)\nCollecting packaging\n  Using cached packaging-25.0-py3-none-any.whl (66 kB)\nCollecting branca>=0.6.0\n  Using cached branca-0.8.1-py3-none-any.whl (26 kB)\nCollecting jinja2>=2.9\n  Using cached jinja2-3.1.6-py3-none-any.whl (134 kB)\nCollecting xyzservices\n  Using cached xyzservices-2025.4.0-py3-none-any.whl (90 kB)\nCollecting pyproj>=3.3.0\n  Using cached pyproj-3.7.1-cp310-cp310-manylinux_2_17_x86_64.manylinux2014_x86_64.whl (9.3 MB)\nCollecting fiona>=1.8.21\n  Using cached fiona-1.10.1-cp310-cp310-manylinux_2_17_x86_64.manylinux2014_x86_64.whl (17.3 MB)\nCollecting charset-normalizer<4,>=2\n  Using cached charset_normalizer-3.4.2-cp310-cp310-manylinux_2_17_x86_64.manylinux2014_x86_64.whl (149 kB)\nCollecting urllib3<3,>=1.21.1\n  Using cached urllib3-2.5.0-py3-none-any.whl (129 kB)\nCollecting idna<4,>=2.5\n  Using cached idna-3.10-py3-none-any.whl (70 kB)\nCollecting certifi>=2017.4.17\n  Using cached certifi-2025.7.9-py3-none-any.whl (159 kB)\nCollecting click>=7.0\n  Using cached click-8.2.1-py3-none-any.whl (102 kB)\nCollecting h11>=0.8\n  Using cached h11-0.16.0-py3-none-any.whl (37 kB)\nCollecting pytz>=2020.1\n  Using cached pytz-2025.2-py2.py3-none-any.whl (509 kB)\nCollecting tzdata>=2022.7\n  Using cached tzdata-2025.2-py2.py3-none-any.whl (347 kB)\nCollecting python-dateutil>=2.8.2\n  Using cached python_dateutil-2.9.0.post0-py2.py3-none-any.whl (229 kB)\nCollecting annotated-types>=0.4.0\n  Using cached annotated_types-0.7.0-py3-none-any.whl (13 kB)\nCollecting pydantic-core==2.16.1\n  Using cached pydantic_core-2.16.1-cp310-cp310-manylinux_2_17_x86_64.manylinux2014_x86_64.whl (2.2 MB)\nCollecting tomli>=1\n  Using cached tomli-2.2.1-py3-none-any.whl (14 kB)\nCollecting iniconfig\n  Using cached iniconfig-2.1.0-py3-none-any.whl (6.0 kB)\nCollecting pluggy<2.0,>=1.5\n  Using cached pluggy-1.6.0-py3-none-any.whl (20 kB)\nCollecting exceptiongroup>=1.0.0rc8\n  Using cached exceptiongroup-1.3.0-py3-none-any.whl (16 kB)\nRequirement already satisfied: setuptools in ./venv/lib/python3.10/site-packages (from rasterio==1.3.9->-r requirements.txt (line 18)) (59.6.0)\nCollecting cligj>=0.5\n  Using cached cligj-0.7.2-py3-none-any.whl (7.1 kB)\nCollecting attrs\n  Using cached attrs-25.3.0-py3-none-any.whl (63 kB)\nCollecting click-plugins\n  Using cached click_plugins-1.1.1.2-py2.py3-none-any.whl (11 kB)\nCollecting affine\n  Using cached affine-2.4.0-py3-none-any.whl (15 kB)\nCollecting snuggs>=1.4.1\n  Using cached snuggs-1.4.7-py3-none-any.whl (5.4 kB)\nCollecting MarkupSafe>=2.0\n  Using cached MarkupSafe-3.0.2-cp310-cp310-manylinux_2_17_x86_64.manylinux2014_x86_64.whl (20 kB)\nCollecting six>=1.5\n  Using cached six-1.17.0-py2.py3-none-any.whl (11 kB)\nCollecting pyparsing>=2.1.6\n  Using cached pyparsing-3.2.3-py3-none-any.whl (111 kB)\nCollecting anyio<5,>=3.4.0\n  Using cached anyio-4.9.0-py3-none-any.whl (100 kB)\nCollecting sniffio>=1.1\n  Using cached sniffio-1.3.1-py3-none-any.whl (10 kB)\nInstalling collected packages: pytz, h3, xyzservices, urllib3, tzdata, typing-extensions, tomli, sniffio, six, PyYAML, python-multipart, pyparsing, pluggy, packaging, numpy, MarkupSafe, iniconfig, idna, h11, fsspec, duckdb, cramjam, click, charset-normalizer, certifi, attrs, annotated-types, affine, uvicorn, snuggs, shapely, scipy, requests, python-dateutil, pyproj, pydantic-core, jinja2, imagecodecs, exceptiongroup, cligj, click-plugins, rasterio, pytest, pydantic, pandas, fiona, branca, anyio, xarray, starlette, geopandas, folium, fastparquet, fastapi\nSuccessfully installed MarkupSafe-3.0.2 PyYAML-6.0.1 affine-2.4.0 annotated-types-0.7.0 anyio-4.9.0 attrs-25.3.0 branca-0.8.1 certifi-2025.7.9 charset-normalizer-3.4.2 click-8.2.1 click-plugins-1.1.1.2 cligj-0.7.2 cramjam-2.10.0 duckdb-0.9.2 exceptiongroup-1.3.0 fastapi-0.109.0 fastparquet-2024.2.0 fiona-1.10.1 folium-0.15.1 fsspec-2025.5.1 geopandas-0.14.2 h11-0.16.0 h3-3.7.6 idna-3.10 imagecodecs-2024.1.1 iniconfig-2.1.0 jinja2-3.1.6 numpy-1.26.3 packaging-25.0 pandas-2.2.0 pluggy-1.6.0 pydantic-2.6.0 pydantic-core-2.16.1 pyparsing-3.2.3 pyproj-3.7.1 pytest-8.2.1 python-dateutil-2.9.0.post0 python-multipart-0.0.12 pytz-2025.2 rasterio-1.3.9 requests-2.31.0 scipy-1.12.0 shapely-2.0.2 six-1.17.0 sniffio-1.3.1 snuggs-1.4.7 starlette-0.35.1 tomli-2.2.1 typing-extensions-4.14.1 tzdata-2025.2 urllib3-2.5.0 uvicorn-0.27.0.post1 xarray-2023.1.0 xyzservices-2025.4.0\nCreating minimal setup.py for installation...\nObtaining file:///home/trim/Documents/GitHub/GEO-INFER/GEO-INFER-SPACE/repo/osc-geo-h3grid-srv\n  Preparing metadata (setup.py): started\n  Preparing metadata (setup.py): finished with status 'done'\nInstalling collected packages: osc-geo-h3grid-srv\n  Running setup.py develop for osc-geo-h3grid-srv\nSuccessfully installed osc-geo-h3grid-srv-0.1.0\n\nRunning tests for osc-geo-h3grid-srv...\n============================= test session starts ==============================\nplatform linux -- Python 3.10.12, pytest-8.2.1, pluggy-1.6.0 -- /home/trim/Documents/GitHub/GEO-INFER/GEO-INFER-SPACE/repo/osc-geo-h3grid-srv/venv/bin/python\ncachedir: .pytest_cache\nrootdir: /home/trim/Documents/GitHub/GEO-INFER/GEO-INFER-SPACE/repo/osc-geo-h3grid-srv\nconfigfile: pytest.ini\nplugins: anyio-4.9.0\ncollecting ... collected 6 items / 1 error\n\n==================================== ERRORS ====================================\n____________________ ERROR collecting test/test_geomesh.py _____________________\nImportError while importing test module '/home/trim/Documents/GitHub/GEO-INFER/GEO-INFER-SPACE/repo/osc-geo-h3grid-srv/test/test_geomesh.py'.\nHint: make sure your test modules/packages have valid Python names.\nTraceback:\n/usr/lib/python3.10/importlib/__init__.py:126: in import_module\n    return _bootstrap._gcd_import(name[level:], package, level)\ntest/test_geomesh.py:3: in <module>\n    from geo_infer_space.repo.osc_geo_h3grid_srv.geoserver.geomesh import Geomesh\nE   ModuleNotFoundError: No module named 'geo_infer_space'\n=============================== warnings summary ===============================\nsrc/geoserver/correlator.py:14\n  /home/trim/Documents/GitHub/GEO-INFER/GEO-INFER-SPACE/repo/osc-geo-h3grid-srv/src/geoserver/correlator.py:14: DeprecationWarning: \n  Pyarrow will become a required dependency of pandas in the next major release of pandas (pandas 3.0),\n  (to allow more performant data types, such as the Arrow string type, and better interoperability with other libraries)\n  but was not found to be installed on your system.\n  If this would cause problems for you,\n  please provide us feedback at https://github.com/pandas-dev/pandas/issues/54466\n          \n    import pandas\n\n-- Docs: https://docs.pytest.org/en/stable/how-to/capture-warnings.html\n=========================== short test summary info ============================\nERROR test/test_geomesh.py\n!!!!!!!!!!!!!!!!!!!! Interrupted: 1 error during collection !!!!!!!!!!!!!!!!!!!!\n========================= 1 warning, 1 error in 0.75s ==========================\n",
          "stderr": ""
        },
        {
          "name": "cleanup",
          "action": "remove_temp_script",
          "success": true
        }
      ],
      "path": "/home/trim/Documents/GitHub/GEO-INFER/GEO-INFER-SPACE/repo/osc-geo-h3grid-srv",
      "tests_passed": false,
      "success": false
    },
    "osc-geo-h3loader-cli": {
      "repo": "osc-geo-h3loader-cli",
      "action": "setup_and_test",
      "timestamp": "2025-07-11T11:09:23.103947",
      "steps": [
        {
          "name": "virtual_environment",
          "action": "create",
          "success": true,
          "stdout": "",
          "stderr": ""
        },
        {
          "name": "setup_script",
          "action": "create_and_run",
          "script_path": "/home/trim/Documents/GitHub/GEO-INFER/GEO-INFER-SPACE/repo/osc-geo-h3loader-cli/temp_setup.sh",
          "success": false,
          "stdout": "Installing requirements...\nCollecting duckdb==0.9.2\n  Using cached duckdb-0.9.2-cp310-cp310-manylinux_2_17_x86_64.manylinux2014_x86_64.whl (16.5 MB)\nCollecting fastapi==0.109.0\n  Using cached fastapi-0.109.0-py3-none-any.whl (92 kB)\nCollecting fastparquet==2024.2.0\n  Using cached fastparquet-2024.2.0-cp310-cp310-manylinux_2_17_x86_64.manylinux2014_x86_64.whl (1.7 MB)\nCollecting folium==0.15.1\n  Using cached folium-0.15.1-py2.py3-none-any.whl (97 kB)\nCollecting geopandas==0.14.2\n  Using cached geopandas-0.14.2-py3-none-any.whl (1.1 MB)\nCollecting h3==3.7.6\n  Using cached h3-3.7.6-cp310-cp310-manylinux_2_17_x86_64.manylinux2014_x86_64.whl (1.1 MB)\nCollecting imagecodecs==2024.1.1\n  Using cached imagecodecs-2024.1.1-cp310-cp310-manylinux_2_17_x86_64.manylinux2014_x86_64.whl (39.6 MB)\nCollecting numpy==1.26.3\n  Using cached numpy-1.26.3-cp310-cp310-manylinux_2_17_x86_64.manylinux2014_x86_64.whl (18.2 MB)\nCollecting pandas==2.2.0\n  Using cached pandas-2.2.0-cp310-cp310-manylinux_2_17_x86_64.manylinux2014_x86_64.whl (13.0 MB)\nCollecting pydantic==2.6.0\n  Using cached pydantic-2.6.0-py3-none-any.whl (394 kB)\nCollecting pytest==8.2.1\n  Using cached pytest-8.2.1-py3-none-any.whl (339 kB)\nCollecting PyYAML==6.0.1\n  Using cached PyYAML-6.0.1-cp310-cp310-manylinux_2_17_x86_64.manylinux2014_x86_64.whl (705 kB)\nCollecting rasterio==1.3.9\n  Using cached rasterio-1.3.9-cp310-cp310-manylinux2014_x86_64.whl (20.6 MB)\nCollecting requests==2.31.0\n  Using cached requests-2.31.0-py3-none-any.whl (62 kB)\nCollecting scipy==1.12.0\n  Using cached scipy-1.12.0-cp310-cp310-manylinux_2_17_x86_64.manylinux2014_x86_64.whl (38.4 MB)\nCollecting shapely==2.0.2\n  Using cached shapely-2.0.2-cp310-cp310-manylinux_2_17_x86_64.manylinux2014_x86_64.whl (2.5 MB)\nCollecting uvicorn==0.27.0.post1\n  Using cached uvicorn-0.27.0.post1-py3-none-any.whl (60 kB)\nCollecting xarray==2023.1.0\n  Using cached xarray-2023.1.0-py3-none-any.whl (973 kB)\nCollecting starlette<0.36.0,>=0.35.0\n  Using cached starlette-0.35.1-py3-none-any.whl (71 kB)\nCollecting typing-extensions>=4.8.0\n  Using cached typing_extensions-4.14.1-py3-none-any.whl (43 kB)\nCollecting cramjam>=2.3\n  Using cached cramjam-2.10.0-cp310-cp310-manylinux_2_17_x86_64.manylinux2014_x86_64.whl (2.0 MB)\nCollecting packaging\n  Using cached packaging-25.0-py3-none-any.whl (66 kB)\nCollecting fsspec\n  Using cached fsspec-2025.5.1-py3-none-any.whl (199 kB)\nCollecting xyzservices\n  Using cached xyzservices-2025.4.0-py3-none-any.whl (90 kB)\nCollecting jinja2>=2.9\n  Using cached jinja2-3.1.6-py3-none-any.whl (134 kB)\nCollecting branca>=0.6.0\n  Using cached branca-0.8.1-py3-none-any.whl (26 kB)\nCollecting fiona>=1.8.21\n  Using cached fiona-1.10.1-cp310-cp310-manylinux_2_17_x86_64.manylinux2014_x86_64.whl (17.3 MB)\nCollecting pyproj>=3.3.0\n  Using cached pyproj-3.7.1-cp310-cp310-manylinux_2_17_x86_64.manylinux2014_x86_64.whl (9.3 MB)\nCollecting pytz>=2020.1\n  Using cached pytz-2025.2-py2.py3-none-any.whl (509 kB)\nCollecting python-dateutil>=2.8.2\n  Using cached python_dateutil-2.9.0.post0-py2.py3-none-any.whl (229 kB)\nCollecting tzdata>=2022.7\n  Using cached tzdata-2025.2-py2.py3-none-any.whl (347 kB)\nCollecting pydantic-core==2.16.1\n  Using cached pydantic_core-2.16.1-cp310-cp310-manylinux_2_17_x86_64.manylinux2014_x86_64.whl (2.2 MB)\nCollecting annotated-types>=0.4.0\n  Using cached annotated_types-0.7.0-py3-none-any.whl (13 kB)\nCollecting exceptiongroup>=1.0.0rc8\n  Using cached exceptiongroup-1.3.0-py3-none-any.whl (16 kB)\nCollecting iniconfig\n  Using cached iniconfig-2.1.0-py3-none-any.whl (6.0 kB)\nCollecting pluggy<2.0,>=1.5\n  Using cached pluggy-1.6.0-py3-none-any.whl (20 kB)\nCollecting tomli>=1\n  Using cached tomli-2.2.1-py3-none-any.whl (14 kB)\nCollecting cligj>=0.5\n  Using cached cligj-0.7.2-py3-none-any.whl (7.1 kB)\nRequirement already satisfied: setuptools in ./venv/lib/python3.10/site-packages (from rasterio==1.3.9->-r requirements.txt (line 13)) (59.6.0)\nCollecting certifi\n  Using cached certifi-2025.7.9-py3-none-any.whl (159 kB)\nCollecting click>=4.0\n  Using cached click-8.2.1-py3-none-any.whl (102 kB)\nCollecting affine\n  Using cached affine-2.4.0-py3-none-any.whl (15 kB)\nCollecting attrs\n  Using cached attrs-25.3.0-py3-none-any.whl (63 kB)\nCollecting click-plugins\n  Using cached click_plugins-1.1.1.2-py2.py3-none-any.whl (11 kB)\nCollecting snuggs>=1.4.1\n  Using cached snuggs-1.4.7-py3-none-any.whl (5.4 kB)\nCollecting charset-normalizer<4,>=2\n  Using cached charset_normalizer-3.4.2-cp310-cp310-manylinux_2_17_x86_64.manylinux2014_x86_64.whl (149 kB)\nCollecting idna<4,>=2.5\n  Using cached idna-3.10-py3-none-any.whl (70 kB)\nCollecting urllib3<3,>=1.21.1\n  Using cached urllib3-2.5.0-py3-none-any.whl (129 kB)\nCollecting h11>=0.8\n  Using cached h11-0.16.0-py3-none-any.whl (37 kB)\nCollecting MarkupSafe>=2.0\n  Using cached MarkupSafe-3.0.2-cp310-cp310-manylinux_2_17_x86_64.manylinux2014_x86_64.whl (20 kB)\nCollecting six>=1.5\n  Using cached six-1.17.0-py2.py3-none-any.whl (11 kB)\nCollecting pyparsing>=2.1.6\n  Using cached pyparsing-3.2.3-py3-none-any.whl (111 kB)\nCollecting anyio<5,>=3.4.0\n  Using cached anyio-4.9.0-py3-none-any.whl (100 kB)\nCollecting sniffio>=1.1\n  Using cached sniffio-1.3.1-py3-none-any.whl (10 kB)\nInstalling collected packages: pytz, h3, xyzservices, urllib3, tzdata, typing-extensions, tomli, sniffio, six, PyYAML, pyparsing, pluggy, packaging, numpy, MarkupSafe, iniconfig, idna, h11, fsspec, duckdb, cramjam, click, charset-normalizer, certifi, attrs, annotated-types, affine, uvicorn, snuggs, shapely, scipy, requests, python-dateutil, pyproj, pydantic-core, jinja2, imagecodecs, exceptiongroup, cligj, click-plugins, rasterio, pytest, pydantic, pandas, fiona, branca, anyio, xarray, starlette, geopandas, folium, fastparquet, fastapi\nSuccessfully installed MarkupSafe-3.0.2 PyYAML-6.0.1 affine-2.4.0 annotated-types-0.7.0 anyio-4.9.0 attrs-25.3.0 branca-0.8.1 certifi-2025.7.9 charset-normalizer-3.4.2 click-8.2.1 click-plugins-1.1.1.2 cligj-0.7.2 cramjam-2.10.0 duckdb-0.9.2 exceptiongroup-1.3.0 fastapi-0.109.0 fastparquet-2024.2.0 fiona-1.10.1 folium-0.15.1 fsspec-2025.5.1 geopandas-0.14.2 h11-0.16.0 h3-3.7.6 idna-3.10 imagecodecs-2024.1.1 iniconfig-2.1.0 jinja2-3.1.6 numpy-1.26.3 packaging-25.0 pandas-2.2.0 pluggy-1.6.0 pydantic-2.6.0 pydantic-core-2.16.1 pyparsing-3.2.3 pyproj-3.7.1 pytest-8.2.1 python-dateutil-2.9.0.post0 pytz-2025.2 rasterio-1.3.9 requests-2.31.0 scipy-1.12.0 shapely-2.0.2 six-1.17.0 sniffio-1.3.1 snuggs-1.4.7 starlette-0.35.1 tomli-2.2.1 typing-extensions-4.14.1 tzdata-2025.2 urllib3-2.5.0 uvicorn-0.27.0.post1 xarray-2023.1.0 xyzservices-2025.4.0\nCreating minimal setup.py for installation...\nObtaining file:///home/trim/Documents/GitHub/GEO-INFER/GEO-INFER-SPACE/repo/osc-geo-h3loader-cli\n  Preparing metadata (setup.py): started\n  Preparing metadata (setup.py): finished with status 'done'\nInstalling collected packages: osc-geo-h3loader-cli\n  Running setup.py develop for osc-geo-h3loader-cli\nSuccessfully installed osc-geo-h3loader-cli-0.1.0\n\nRunning tests for osc-geo-h3loader-cli...\n============================= test session starts ==============================\nplatform linux -- Python 3.10.12, pytest-8.2.1, pluggy-1.6.0 -- /home/trim/Documents/GitHub/GEO-INFER/GEO-INFER-SPACE/repo/osc-geo-h3loader-cli/venv/bin/python\ncachedir: .pytest_cache\nrootdir: /home/trim/Documents/GitHub/GEO-INFER/GEO-INFER-SPACE/repo/osc-geo-h3loader-cli\nconfigfile: pytest.ini\nplugins: anyio-4.9.0\ncollecting ... collected 68 items\n\ntest/aggregationstep/test_cell_aggreation_step.py::TestCellAggregationStep::test_output_name_format_one_built_in_agg PASSED [  1%]\ntest/aggregationstep/test_cell_aggreation_step.py::TestCellAggregationStep::test_cell_col_in_output PASSED [  2%]\ntest/aggregationstep/test_cell_aggreation_step.py::TestCellAggregationStep::test_lat_long_in_output PASSED [  4%]\ntest/aggregationstep/test_cell_aggreation_step.py::TestCellAggregationStep::test_output_name_format_multiple_built_in_agg PASSED [  5%]\ntest/aggregationstep/test_cell_aggreation_step.py::TestCellAggregationStep::test_output_name_format_one_custom_agg PASSED [  7%]\ntest/aggregationstep/test_cell_aggreation_step.py::TestCellAggregationStep::test_output_name_format_multiple_custom_agg PASSED [  8%]\ntest/aggregationstep/test_cell_aggreation_step.py::TestCellAggregationStep::test_fail_if_output_col_names_reused PASSED [ 10%]\ntest/aggregationstep/test_cell_aggreation_step.py::TestCellAggregationStep::test_aggregates_to_expected_num_cells PASSED [ 11%]\ntest/aggregationstep/test_cell_aggreation_step.py::TestCellAggregationStep::test_output_contains_key_cols PASSED [ 13%]\ntest/aggregationstep/test_cell_aggreation_step.py::TestCellAggregationStep::test_output_aggregates_by_key_cols PASSED [ 14%]\ntest/aggregationstep/test_premade_aggregations.py::TestPremadeAggregations::test_min_agg_gives_min PASSED [ 16%]\ntest/aggregationstep/test_premade_aggregations.py::TestPremadeAggregations::test_max_agg_gives_max PASSED [ 17%]\ntest/aggregationstep/test_premade_aggregations.py::TestPremadeAggregations::test_mean_agg_gives_mean PASSED [ 19%]\ntest/aggregationstep/test_premade_aggregations.py::TestPremadeAggregations::test_median_agg_gives_median PASSED [ 20%]\ntest/aggregationstep/test_premade_aggregations.py::TestPremadeAggregations::test_with_bounds_min_only PASSED [ 22%]\ntest/aggregationstep/test_premade_aggregations.py::TestPremadeAggregations::test_with_bounds_max_only PASSED [ 23%]\ntest/aggregationstep/test_premade_aggregations.py::TestPremadeAggregations::test_with_bounds_both_min_max PASSED [ 25%]\ntest/csvloader/test_csvloader.py::TestCSVLoader::test_fail_on_file_path_not_exist PASSED [ 26%]\ntest/csvloader/test_csvloader.py::TestCSVLoader::test_fails_create_if_table_exists PASSED [ 27%]\ntest/csvloader/test_csvloader.py::TestCSVLoader::test_fails_on_invalid_config PASSED [ 29%]\ntest/csvloader/test_csvloader.py::TestCSVLoader::test_h3_correct_cell_number PASSED [ 30%]\ntest/csvloader/test_csvloader.py::TestCSVLoader::test_h3_does_interpolation PASSED [ 32%]\ntest/csvloader/test_csvloader.py::TestCSVLoader::test_insert_creates_if_no_existing_table PASSED [ 33%]\ntest/csvloader/test_csvloader.py::TestCSVLoader::test_insert_into_existing_table PASSED [ 35%]\ntest/csvloader/test_csvloader.py::TestCSVLoader::test_point_dataset PASSED [ 36%]\ntest/csvloader/test_csvloader.py::TestCSVLoader::test_point_maps_lat_long_to_cells PASSED [ 38%]\ntest/load_pipeline/test_loading_pipeline.py::TestLoadingPipeline::test_read_out_only PASSED [ 39%]\ntest/load_pipeline/test_loading_pipeline.py::TestLoadingPipeline::test_read_out_preprocess PASSED [ 41%]\ntest/load_pipeline/test_loading_pipeline.py::TestLoadingPipeline::test_read_out_aggregate PASSED [ 42%]\ntest/load_pipeline/test_loading_pipeline.py::TestLoadingPipeline::test_fail_if_agg_but_no_res PASSED [ 44%]\ntest/load_pipeline/test_loading_pipeline.py::TestLoadingPipeline::test_read_out_post PASSED [ 45%]\ntest/load_pipeline/test_loading_pipeline.py::TestLoadingPipeline::test_full_pipeline PASSED [ 47%]\ntest/load_pipeline/test_loading_pipeline.py::TestLoadingPipeline::test_additional_key_cols PASSED [ 48%]\ntest/load_pipeline/test_loading_pipeline.py::TestLoadingPipeline::test_metadata_creation FAILED [ 50%]\ntest/load_pipeline/test_loading_pipeline_factory.py::TestLoadingPipelineFactory::test_load_conf_read_out_only PASSED [ 51%]\ntest/load_pipeline/test_loading_pipeline_factory.py::TestLoadingPipelineFactory::test_load_conf_all_steps FAILED [ 52%]\ntest/loader_factory/test_loader_factory.py::TestLoaderFactory::test_csv_config_makes_csv_loader PASSED [ 54%]\ntest/loader_factory/test_loader_factory.py::TestLoaderFactory::test_parquet_config_makes_parquet_loader PASSED [ 55%]\ntest/loader_factory/test_loader_factory.py::TestLoaderFactory::test_exception_on_unknown_type PASSED [ 57%]\ntest/loader_factory/test_loader_factory.py::TestLoaderFactory::test_exception_on_conf_not_exist PASSED [ 58%]\ntest/loader_factory/test_loader_factory.py::TestLoaderFactory::test_exception_on_db_dir_not_exist PASSED [ 60%]\ntest/parquet_loader/test_parquet_loader.py::TestParquetLoader::test_h3_correct_cell_number PASSED [ 61%]\ntest/parquet_loader/test_parquet_loader.py::TestParquetLoader::test_h3_does_interpolation PASSED [ 63%]\ntest/parquet_loader/test_parquet_loader.py::TestParquetLoader::test_point_maps_lat_long_to_cells PASSED [ 64%]\ntest/parquet_loader/test_parquet_loader.py::TestParquetLoader::test_insert_into_existing_table PASSED [ 66%]\ntest/parquet_loader/test_parquet_loader.py::TestParquetLoader::test_fails_create_if_table_exists PASSED [ 67%]\ntest/parquet_loader/test_parquet_loader.py::TestParquetLoader::test_insert_creates_if_no_existing_table PASSED [ 69%]\ntest/postprocessingstep/test_add_constant_column.py::TestAddConstantColumn::test_constant_column_added PASSED [ 70%]\ntest/postprocessingstep/test_add_constant_column.py::TestAddConstantColumn::test_constant_column_str_value PASSED [ 72%]\ntest/postprocessingstep/test_add_constant_column.py::TestAddConstantColumn::test_constant_column_int_value PASSED [ 73%]\ntest/postprocessingstep/test_add_constant_column.py::TestAddConstantColumn::test_constant_column_float_value PASSED [ 75%]\ntest/postprocessingstep/test_add_constant_column.py::TestAddConstantColumn::test_no_other_columns_changed PASSED [ 76%]\ntest/postprocessingstep/test_multiply_value.py::TestMultiplyValue::test_multiply_effects_data_cols PASSED [ 77%]\ntest/postprocessingstep/test_multiply_value.py::TestMultiplyValue::test_multiply_does_not_effect_lat_long PASSED [ 79%]\ntest/postprocessingstep/test_multiply_value.py::TestMultiplyValue::test_fail_if_no_multiply_by_conf_value PASSED [ 80%]\ntest/preprocessingstep/test_shapefile_filter.py::TestShapefileFilter::test_filters_by_whole_shapefile FAILED [ 82%]\ntest/preprocessingstep/test_shapefile_filter.py::TestShapefileFilter::test_filter_by_region_in_shapefile FAILED [ 83%]\ntest/preprocessingstep/test_shapefile_filter.py::TestShapefileFilter::test_fail_if_shapefile_does_not_exist FAILED [ 85%]\ntest/preprocessingstep/test_shapefile_filter.py::TestShapefileFilter::test_fail_if_region_does_not_exist FAILED [ 86%]\ntest/readingstep/test_parquet_file_reader.py::TestParquetFileReader::test_all_cols_kept PASSED [ 88%]\ntest/readingstep/test_parquet_file_reader.py::TestParquetFileReader::test_rows_as_expected PASSED [ 89%]\ntest/readingstep/test_parquet_file_reader.py::TestParquetFileReader::test_one_col_not_kept PASSED [ 91%]\ntest/readingstep/test_parquet_file_reader.py::TestParquetFileReader::test_date_cols_dropped_if_not_in_conf PASSED [ 92%]\ntest/readingstep/test_parquet_file_reader.py::TestParquetFileReader::test_error_on_input_file_not_exist PASSED [ 94%]\ntest/readingstep/test_parquet_file_reader.py::TestParquetFileReader::test_error_on_data_col_not_exist PASSED [ 95%]\ntest/readingstep/test_parquet_file_reader.py::TestParquetFileReader::test_error_on_lat_not_exist PASSED [ 97%]\ntest/readingstep/test_parquet_file_reader.py::TestParquetFileReader::test_error_on_long_not_exist PASSED [ 98%]\ntest/readingstep/test_parquet_file_reader.py::TestParquetFileReader::test_key_cols_preserved PASSED [100%]\n\n=================================== FAILURES ===================================\n__________________ TestLoadingPipeline.test_metadata_creation __________________\n\nself = <test.load_pipeline.test_loading_pipeline.TestLoadingPipeline object at 0x7d9d1af63d00>\ndatabase_dir = './test/test_data/loading_pipeline//tmp'\n\n    def test_metadata_creation(self, database_dir):\n        parquet_file = data_dir + \"/2_cell_agg.parquet\"\n        dataset = \"test_meta_creation\"\n    \n        read_step = ParquetFileReader({\n            \"file_path\": parquet_file,\n            \"data_columns\": [\"value1\", \"value2\"],\n        })\n    \n        output_step = LocalDuckdbOutputStep({\n            \"database_dir\": database_dir,\n            \"dataset_name\": dataset,\n            \"mode\": \"create\",\n            \"description\": \"A Test Dataset\",\n            \"dataset_type\": \"point\",\n            \"key_columns\": [\"latitude\", \"longitude\"]\n        })\n    \n        pipeline = LoadingPipeline(\n            read_step, [], [], [], output_step, 1\n        )\n    \n        pipeline.run()\n    \n        out = read_metadata_db(dataset)\n    \n        expected = [(\n            dataset,\n            \"A Test Dataset\",\n            {\"latitude\": \"REAL\", \"longitude\": \"REAL\"},\n            {\"value1\": \"INTEGER\", \"value2\": \"INTEGER\"},\n            \"point\"\n        )]\n    \n>       assert out == expected\nE       AssertionError: assert [('test_meta_...']}, 'point')] == [('test_meta_...R'}, 'point')]\nE         \nE         At index 0 diff: ('test_meta_creation', 'A Test Dataset', {'key': ['latitude', 'longitude'], 'value': ['REAL', 'REAL']}, {'key': ['value1', 'value2'], 'value': ['INTEGER', 'INTEGER']}, 'point') != ('test_meta_creation', 'A Test Dataset', {'latitude': 'REAL', 'longitude': 'REAL'}, {'value1': 'INTEGER', 'value2': 'INTEGER'}, 'point')\nE         \nE         Full diff:\nE           [\nE               (\nE                   'test_meta_creation',...\nE         \nE         ...Full output truncated (36 lines hidden), use '-vv' to show\n\ntest/load_pipeline/test_loading_pipeline.py:418: AssertionError\n_____________ TestLoadingPipelineFactory.test_load_conf_all_steps ______________\n\nself = <test.load_pipeline.test_loading_pipeline_factory.TestLoadingPipelineFactory object at 0x7d9d1af60fa0>\n\n    def test_load_conf_all_steps(self):\n        conf_file = data_dir + \"all_steps.yml\"\n>       actual = LoadingPipelineFactory.create_from_conf_file(conf_file)\n\ntest/load_pipeline/test_loading_pipeline_factory.py:44: \n_ _ _ _ _ _ _ _ _ _ _ _ _ _ _ _ _ _ _ _ _ _ _ _ _ _ _ _ _ _ _ _ _ _ _ _ _ _ _ _ \nsrc/loader/load_pipeline.py:110: in create_from_conf_file\n    pre_steps = LoadingPipelineFactory._get_pre_steps(conf)\nsrc/loader/load_pipeline.py:155: in _get_pre_steps\n    instance = pre_class(param_dict)\nsrc/loader/preprocessing_step.py:50: in __init__\n    self.validate_conf(self.conf)\nsrc/loader/preprocessing_step.py:58: in validate_conf\n    shape = Shape(self.conf.shapefile_path)\nsrc/shape/shape.py:40: in __init__\n    self.gdf: GeoDataFrame = geopandas.read_file(self.shapefile)\nvenv/lib/python3.10/site-packages/geopandas/io/file.py:297: in _read_file\n    return _read_file_fiona(\nvenv/lib/python3.10/site-packages/geopandas/io/file.py:315: in _read_file_fiona\n    if _is_zip(str(path_or_bytes)):\n_ _ _ _ _ _ _ _ _ _ _ _ _ _ _ _ _ _ _ _ _ _ _ _ _ _ _ _ _ _ _ _ _ _ _ _ _ _ _ _ \n\npath = './test/test_data/loading_pipeline/Germany_Cuba_Box/Germany_Cuba_box.shp'\n\n    def _is_zip(path):\n        \"\"\"Check if a given path is a zipfile\"\"\"\n>       parsed = fiona.path.ParsedPath.from_uri(path)\nE       AttributeError: module 'fiona' has no attribute 'path'. Did you mean: 'Path'?\n\nvenv/lib/python3.10/site-packages/geopandas/io/file.py:173: AttributeError\n_____________ TestShapefileFilter.test_filters_by_whole_shapefile ______________\n\nself = <test.preprocessingstep.test_shapefile_filter.TestShapefileFilter object at 0x7d9d1afa5bd0>\ncuba_ger_df =    latitude  longitude  value1  value2\n0      22.2      -79.5      10     100\n1      20.4      -76.3       9      90\n2      22.5      -83.8       9      80\n3      50.0        9.7       8      80\n4      53.0       10.0       7      70\n\n    def test_filters_by_whole_shapefile(self, cuba_ger_df):\n        conf = {\n            \"shapefile_path\": test_dir + \"Germany_Box/Germany_Box.shp\"\n        }\n    \n>       sff = ShapefileFilter(conf)\n\ntest/preprocessingstep/test_shapefile_filter.py:33: \n_ _ _ _ _ _ _ _ _ _ _ _ _ _ _ _ _ _ _ _ _ _ _ _ _ _ _ _ _ _ _ _ _ _ _ _ _ _ _ _ \nsrc/loader/preprocessing_step.py:50: in __init__\n    self.validate_conf(self.conf)\nsrc/loader/preprocessing_step.py:58: in validate_conf\n    shape = Shape(self.conf.shapefile_path)\nsrc/shape/shape.py:40: in __init__\n    self.gdf: GeoDataFrame = geopandas.read_file(self.shapefile)\nvenv/lib/python3.10/site-packages/geopandas/io/file.py:297: in _read_file\n    return _read_file_fiona(\nvenv/lib/python3.10/site-packages/geopandas/io/file.py:315: in _read_file_fiona\n    if _is_zip(str(path_or_bytes)):\n_ _ _ _ _ _ _ _ _ _ _ _ _ _ _ _ _ _ _ _ _ _ _ _ _ _ _ _ _ _ _ _ _ _ _ _ _ _ _ _ \n\npath = './test/test_data/preprocessingstep/Germany_Box/Germany_Box.shp'\n\n    def _is_zip(path):\n        \"\"\"Check if a given path is a zipfile\"\"\"\n>       parsed = fiona.path.ParsedPath.from_uri(path)\nE       AttributeError: module 'fiona' has no attribute 'path'. Did you mean: 'Path'?\n\nvenv/lib/python3.10/site-packages/geopandas/io/file.py:173: AttributeError\n____________ TestShapefileFilter.test_filter_by_region_in_shapefile ____________\n\nself = <test.preprocessingstep.test_shapefile_filter.TestShapefileFilter object at 0x7d9d1afa4940>\ncuba_ger_df =    latitude  longitude  value1  value2\n0      22.2      -79.5      10     100\n1      20.4      -76.3       9      90\n2      22.5      -83.8       9      80\n3      50.0        9.7       8      80\n4      53.0       10.0       7      70\n\n    def test_filter_by_region_in_shapefile(self, cuba_ger_df):\n        conf = {\n            \"shapefile_path\": test_dir +\n                              \"Germany_Cuba_Box/Germany_Cuba_Box.shp\",\n            \"region\": \"Cuba\"\n        }\n    \n>       sff = ShapefileFilter(conf)\n\ntest/preprocessingstep/test_shapefile_filter.py:51: \n_ _ _ _ _ _ _ _ _ _ _ _ _ _ _ _ _ _ _ _ _ _ _ _ _ _ _ _ _ _ _ _ _ _ _ _ _ _ _ _ \nsrc/loader/preprocessing_step.py:50: in __init__\n    self.validate_conf(self.conf)\nsrc/loader/preprocessing_step.py:58: in validate_conf\n    shape = Shape(self.conf.shapefile_path)\nsrc/shape/shape.py:40: in __init__\n    self.gdf: GeoDataFrame = geopandas.read_file(self.shapefile)\nvenv/lib/python3.10/site-packages/geopandas/io/file.py:297: in _read_file\n    return _read_file_fiona(\nvenv/lib/python3.10/site-packages/geopandas/io/file.py:315: in _read_file_fiona\n    if _is_zip(str(path_or_bytes)):\n_ _ _ _ _ _ _ _ _ _ _ _ _ _ _ _ _ _ _ _ _ _ _ _ _ _ _ _ _ _ _ _ _ _ _ _ _ _ _ _ \n\npath = './test/test_data/preprocessingstep/Germany_Cuba_Box/Germany_Cuba_Box.shp'\n\n    def _is_zip(path):\n        \"\"\"Check if a given path is a zipfile\"\"\"\n>       parsed = fiona.path.ParsedPath.from_uri(path)\nE       AttributeError: module 'fiona' has no attribute 'path'. Did you mean: 'Path'?\n\nvenv/lib/python3.10/site-packages/geopandas/io/file.py:173: AttributeError\n__________ TestShapefileFilter.test_fail_if_shapefile_does_not_exist ___________\n\nself = <test.preprocessingstep.test_shapefile_filter.TestShapefileFilter object at 0x7d9d1afa7730>\n\n    def test_fail_if_shapefile_does_not_exist(self):\n        conf = {\n            \"shapefile_path\": test_dir +\n                              \"Germany_Cuba_Box/file_does_not_exist.shp\",\n            \"region\": \"Cuba\"\n        }\n    \n        with pytest.raises(ValueError):\n>           ShapefileFilter(conf)\n\ntest/preprocessingstep/test_shapefile_filter.py:71: \n_ _ _ _ _ _ _ _ _ _ _ _ _ _ _ _ _ _ _ _ _ _ _ _ _ _ _ _ _ _ _ _ _ _ _ _ _ _ _ _ \nsrc/loader/preprocessing_step.py:50: in __init__\n    self.validate_conf(self.conf)\nsrc/loader/preprocessing_step.py:58: in validate_conf\n    shape = Shape(self.conf.shapefile_path)\nsrc/shape/shape.py:40: in __init__\n    self.gdf: GeoDataFrame = geopandas.read_file(self.shapefile)\nvenv/lib/python3.10/site-packages/geopandas/io/file.py:297: in _read_file\n    return _read_file_fiona(\nvenv/lib/python3.10/site-packages/geopandas/io/file.py:315: in _read_file_fiona\n    if _is_zip(str(path_or_bytes)):\n_ _ _ _ _ _ _ _ _ _ _ _ _ _ _ _ _ _ _ _ _ _ _ _ _ _ _ _ _ _ _ _ _ _ _ _ _ _ _ _ \n\npath = './test/test_data/preprocessingstep/Germany_Cuba_Box/file_does_not_exist.shp'\n\n    def _is_zip(path):\n        \"\"\"Check if a given path is a zipfile\"\"\"\n>       parsed = fiona.path.ParsedPath.from_uri(path)\nE       AttributeError: module 'fiona' has no attribute 'path'. Did you mean: 'Path'?\n\nvenv/lib/python3.10/site-packages/geopandas/io/file.py:173: AttributeError\n____________ TestShapefileFilter.test_fail_if_region_does_not_exist ____________\n\nself = <test.preprocessingstep.test_shapefile_filter.TestShapefileFilter object at 0x7d9d1afa6ad0>\n\n    def test_fail_if_region_does_not_exist(self):\n        conf = {\n            \"shapefile_path\": test_dir +\n                              \"Germany_Cuba_Box/file_does_not_exist.shp\",\n            \"region\": \"NotRealCountry\"\n        }\n    \n        with pytest.raises(ValueError):\n>           ShapefileFilter(conf)\n\ntest/preprocessingstep/test_shapefile_filter.py:81: \n_ _ _ _ _ _ _ _ _ _ _ _ _ _ _ _ _ _ _ _ _ _ _ _ _ _ _ _ _ _ _ _ _ _ _ _ _ _ _ _ \nsrc/loader/preprocessing_step.py:50: in __init__\n    self.validate_conf(self.conf)\nsrc/loader/preprocessing_step.py:58: in validate_conf\n    shape = Shape(self.conf.shapefile_path)\nsrc/shape/shape.py:40: in __init__\n    self.gdf: GeoDataFrame = geopandas.read_file(self.shapefile)\nvenv/lib/python3.10/site-packages/geopandas/io/file.py:297: in _read_file\n    return _read_file_fiona(\nvenv/lib/python3.10/site-packages/geopandas/io/file.py:315: in _read_file_fiona\n    if _is_zip(str(path_or_bytes)):\n_ _ _ _ _ _ _ _ _ _ _ _ _ _ _ _ _ _ _ _ _ _ _ _ _ _ _ _ _ _ _ _ _ _ _ _ _ _ _ _ \n\npath = './test/test_data/preprocessingstep/Germany_Cuba_Box/file_does_not_exist.shp'\n\n    def _is_zip(path):\n        \"\"\"Check if a given path is a zipfile\"\"\"\n>       parsed = fiona.path.ParsedPath.from_uri(path)\nE       AttributeError: module 'fiona' has no attribute 'path'. Did you mean: 'Path'?\n\nvenv/lib/python3.10/site-packages/geopandas/io/file.py:173: AttributeError\n=============================== warnings summary ===============================\ntest/aggregationstep/test_cell_aggreation_step.py:2\n  /home/trim/Documents/GitHub/GEO-INFER/GEO-INFER-SPACE/repo/osc-geo-h3loader-cli/test/aggregationstep/test_cell_aggreation_step.py:2: DeprecationWarning: \n  Pyarrow will become a required dependency of pandas in the next major release of pandas (pandas 3.0),\n  (to allow more performant data types, such as the Arrow string type, and better interoperability with other libraries)\n  but was not found to be installed on your system.\n  If this would cause problems for you,\n  please provide us feedback at https://github.com/pandas-dev/pandas/issues/54466\n          \n    from pandas import DataFrame\n\n-- Docs: https://docs.pytest.org/en/stable/how-to/capture-warnings.html\n=========================== short test summary info ============================\nFAILED test/load_pipeline/test_loading_pipeline.py::TestLoadingPipeline::test_metadata_creation\nFAILED test/load_pipeline/test_loading_pipeline_factory.py::TestLoadingPipelineFactory::test_load_conf_all_steps\nFAILED test/preprocessingstep/test_shapefile_filter.py::TestShapefileFilter::test_filters_by_whole_shapefile\nFAILED test/preprocessingstep/test_shapefile_filter.py::TestShapefileFilter::test_filter_by_region_in_shapefile\nFAILED test/preprocessingstep/test_shapefile_filter.py::TestShapefileFilter::test_fail_if_shapefile_does_not_exist\nFAILED test/preprocessingstep/test_shapefile_filter.py::TestShapefileFilter::test_fail_if_region_does_not_exist\n=================== 6 failed, 62 passed, 1 warning in 12.73s ===================\n",
          "stderr": ""
        },
        {
          "name": "cleanup",
          "action": "remove_temp_script",
          "success": true
        }
      ],
      "path": "/home/trim/Documents/GitHub/GEO-INFER/GEO-INFER-SPACE/repo/osc-geo-h3loader-cli",
      "tests_passed": false,
      "success": false
    }
  },
  "directory_structures": {
    "osc-geo-h3grid-srv": "\nDirectory structure for osc-geo-h3grid-srv:\nosc-geo-h3grid-srv/\n\u251c\u2500\u2500 .git/\n\u2502   \u251c\u2500\u2500 branches/\n\u2502   \u251c\u2500\u2500 hooks/\n\u2502   \u2502   \u251c\u2500\u2500 applypatch-msg.sample (478B)\n\u2502   \u2502   \u251c\u2500\u2500 commit-msg.sample (896B)\n\u2502   \u2502   \u251c\u2500\u2500 fsmonitor-watchman.sample (4.5KB)\n\u2502   \u2502   \u251c\u2500\u2500 post-update.sample (189B)\n\u2502   \u2502   \u251c\u2500\u2500 pre-applypatch.sample (424B)\n\u2502   \u2502   \u251c\u2500\u2500 pre-commit.sample (1.6KB)\n\u2502   \u2502   \u251c\u2500\u2500 pre-merge-commit.sample (416B)\n\u2502   \u2502   \u251c\u2500\u2500 pre-push.sample (1.3KB)\n\u2502   \u2502   \u251c\u2500\u2500 pre-rebase.sample (4.8KB)\n\u2502   \u2502   \u251c\u2500\u2500 pre-receive.sample (544B)\n\u2502   \u2502   \u251c\u2500\u2500 prepare-commit-msg.sample (1.5KB)\n\u2502   \u2502   \u251c\u2500\u2500 push-to-checkout.sample (2.7KB)\n\u2502   \u2502   \u2514\u2500\u2500 update.sample (3.6KB)\n\u2502   \u251c\u2500\u2500 info/\n\u2502   \u2502   \u2514\u2500\u2500 exclude (240B)\n\u2502   \u251c\u2500\u2500 logs/\n\u2502   \u2502   \u251c\u2500\u2500 refs/\n\u2502   \u2502   \u2502   \u251c\u2500\u2500 heads/\n\u2502   \u2502   \u2502   \u2502   ...\n\u2502   \u2502   \u2502   \u2514\u2500\u2500 remotes/\n\u2502   \u2502   \u2502       ...\n\u2502   \u2502   \u2514\u2500\u2500 HEAD (213B)\n\u2502   \u251c\u2500\u2500 objects/\n\u2502   \u2502   \u251c\u2500\u2500 info/\n\u2502   \u2502   \u2514\u2500\u2500 pack/\n\u2502   \u2502       \u251c\u2500\u2500 pack-e934106936d5a384cf8a3367a2abdbb6e81a4fb7.idx (18.2KB)\n\u2502   \u2502       \u2514\u2500\u2500 pack-e934106936d5a384cf8a3367a2abdbb6e81a4fb7.pack (26271.3KB)\n\u2502   \u251c\u2500\u2500 refs/\n\u2502   \u2502   \u251c\u2500\u2500 heads/\n\u2502   \u2502   \u2502   \u2514\u2500\u2500 main (41B)\n\u2502   \u2502   \u251c\u2500\u2500 remotes/\n\u2502   \u2502   \u2502   \u2514\u2500\u2500 origin/\n\u2502   \u2502   \u2502       ...\n\u2502   \u2502   \u2514\u2500\u2500 tags/\n\u2502   \u251c\u2500\u2500 config (272B)\n\u2502   \u251c\u2500\u2500 description (73B)\n\u2502   \u251c\u2500\u2500 HEAD (21B)\n\u2502   \u251c\u2500\u2500 index (7.2KB)\n\u2502   \u2514\u2500\u2500 packed-refs (112B)\n\u251c\u2500\u2500 app/\n\u2502   \u251c\u2500\u2500 start.sh (439B)\n\u2502   \u2514\u2500\u2500 startd.sh (593B)\n\u251c\u2500\u2500 bin/\n\u2502   \u251c\u2500\u2500 dockerize.sh (5.3KB)\n\u2502   \u251c\u2500\u2500 environment.sh (587B)\n\u2502   \u251c\u2500\u2500 show.sh (635B)\n\u2502   \u251c\u2500\u2500 start.sh (460B)\n\u2502   \u251c\u2500\u2500 startd.sh (1.6KB)\n\u2502   \u251c\u2500\u2500 vactivate.sh (1.0KB)\n\u2502   \u2514\u2500\u2500 venv.sh (1.0KB)\n\u251c\u2500\u2500 config/\n\u2502   \u251c\u2500\u2500 config-example.yml (73B)\n\u2502   \u251c\u2500\u2500 config.yml (50B)\n\u2502   \u2514\u2500\u2500 config_docker.yml (55B)\n\u251c\u2500\u2500 docker/\n\u2502   \u251c\u2500\u2500 docker-compose.yml (561B)\n\u2502   \u2514\u2500\u2500 Dockerfile (596B)\n\u251c\u2500\u2500 docs/\n\u2502   \u251c\u2500\u2500 getting-started.md (6.6KB)\n\u2502   \u251c\u2500\u2500 README-geospatial.md (20.1KB)\n\u2502   \u251c\u2500\u2500 README-repository.md (4.3KB)\n\u2502   \u251c\u2500\u2500 README-shapefile.md (22.2KB)\n\u2502   \u2514\u2500\u2500 roadmap.md (587B)\n\u251c\u2500\u2500 examples/\n\u2502   \u251c\u2500\u2500 common/\n\u2502   \u2502   \u2514\u2500\u2500 example_datasets/\n\u2502   \u2502       \u251c\u2500\u2500 dataset_metadata.duckdb (1292.0KB)\n\u2502   \u2502       \u251c\u2500\u2500 jamaica_buildings.duckdb (524.0KB)\n\u2502   \u2502       \u251c\u2500\u2500 tu_delft_river_flood_depth_1971_2000_hist_0010y_europe.duckdb (26124.0KB)\n\u2502   \u2502       \u251c\u2500\u2500 tu_delft_river_flood_depth_1971_2000_hist_0010y_germany.duckdb (2572.0KB)\n\u2502   \u2502       \u2514\u2500\u2500 tu_delft_river_flood_depth_1971_2000_hist_1000y_germany.duckdb (2572.0KB)\n\u2502   \u251c\u2500\u2500 geospatial/\n\u2502   \u2502   \u2514\u2500\u2500 filter-assets/\n\u2502   \u2502       \u251c\u2500\u2500 europe_one_dataset.json (221B)\n\u2502   \u2502       \u251c\u2500\u2500 germany_1_m_generated_assets.zip (7386.3KB)\n\u2502   \u2502       \u251c\u2500\u2500 germany_5_assets.parquet (1.2KB)\n\u2502   \u2502       \u251c\u2500\u2500 germany_datasets.json (684B)\n\u2502   \u2502       \u2514\u2500\u2500 germany_one_dataset.json (343B)\n\u2502   \u2514\u2500\u2500 getting-started/\n\u2502       \u2514\u2500\u2500 giss_2022_12.yml (482B)\n\u251c\u2500\u2500 integration-test/\n\u2502   \u2514\u2500\u2500 test_geomeshcli.py (2.2KB)\n\u251c\u2500\u2500 osc-geo-h3grid-srv/\n\u2502   \u251c\u2500\u2500 src/\n\u2502   \u2502   \u2514\u2500\u2500 geoserver/\n\u2502   \u2502       \u2514\u2500\u2500 server.py (605B)\n\u2502   \u251c\u2500\u2500 pyproject.toml (494B)\n\u2502   \u2514\u2500\u2500 requirements.txt (268B)\n\u251c\u2500\u2500 src/\n\u2502   \u251c\u2500\u2500 cli/\n\u2502   \u2502   \u251c\u2500\u2500 cli_geospatial.py (16.5KB)\n\u2502   \u2502   \u251c\u2500\u2500 cli_repository.py (4.2KB)\n\u2502   \u2502   \u251c\u2500\u2500 cli_shapefile.py (6.2KB)\n\u2502   \u2502   \u251c\u2500\u2500 cliexec_geospatial.py (8.3KB)\n\u2502   \u2502   \u251c\u2500\u2500 cliexec_repository.py (1.3KB)\n\u2502   \u2502   \u2514\u2500\u2500 cliexec_shapefile.py (2.0KB)\n\u2502   \u251c\u2500\u2500 common/\n\u2502   \u2502   \u251c\u2500\u2500 const.py (477B)\n\u2502   \u2502   \u251c\u2500\u2500 dataset_utilities.py (716B)\n\u2502   \u2502   \u251c\u2500\u2500 duckdbutils.py (4.2KB)\n\u2502   \u2502   \u2514\u2500\u2500 httputils.py (5.1KB)\n\u2502   \u251c\u2500\u2500 geoserver/\n\u2502   \u2502   \u251c\u2500\u2500 correlator.py (8.6KB)\n\u2502   \u2502   \u251c\u2500\u2500 geomesh.py (43.8KB)\n\u2502   \u2502   \u251c\u2500\u2500 geomesh_router.py (7.4KB)\n\u2502   \u2502   \u251c\u2500\u2500 geomesh_router_arguments.py (4.5KB)\n\u2502   \u2502   \u251c\u2500\u2500 metadata.py (9.7KB)\n\u2502   \u2502   \u251c\u2500\u2500 point_router.py (5.7KB)\n\u2502   \u2502   \u251c\u2500\u2500 route_constants.py (273B)\n\u2502   \u2502   \u251c\u2500\u2500 server.py (1.9KB)\n\u2502   \u2502   \u2514\u2500\u2500 state.py (690B)\n\u2502   \u2514\u2500\u2500 shape/\n\u2502       \u251c\u2500\u2500 repository.py (3.2KB)\n\u2502       \u2514\u2500\u2500 shape.py (18.2KB)\n\u251c\u2500\u2500 test/\n\u2502   \u251c\u2500\u2500 geoserver_test/\n\u2502   \u2502   \u251c\u2500\u2500 __init__.py (264B)\n\u2502   \u2502   \u2514\u2500\u2500 test_correlator.py (11.0KB)\n\u2502   \u251c\u2500\u2500 test_data/\n\u2502   \u2502   \u2514\u2500\u2500 correlator/\n\u2502   \u2502       \u251c\u2500\u2500 dataset_metadata.duckdb (1292.0KB)\n\u2502   \u2502       \u251c\u2500\u2500 tu_delft_river_flood_depth_1971_2000_hist_0010y_germany.duckdb (2572.0KB)\n\u2502   \u2502       \u2514\u2500\u2500 tu_delft_river_flood_depth_1971_2000_hist_1000y_germany.duckdb (2572.0KB)\n\u2502   \u2514\u2500\u2500 test_geomesh.py (760B)\n\u251c\u2500\u2500 .gitattributes (16B)\n\u251c\u2500\u2500 .gitignore (257B)\n\u251c\u2500\u2500 LICENSE (1.1KB)\n\u251c\u2500\u2500 pytest.ini (25B)\n\u251c\u2500\u2500 README.md (3.9KB)\n\u2514\u2500\u2500 requirements.txt (332B)",
    "osc-geo-h3loader-cli": "ERROR: [Errno 2] No such file or directory: 'repo/osc-geo-h3loader-cli/LICENSE'"
  },
  "all_tests_passed": false,
  "overall_success": false
}